  pch.cpp
  AssemblyInfo.cpp
  OpenCvBackend.cpp
C:\Users\ysjang\Desktop\asd\C#\OpenCv\OpenCvBackend\OpenCvBackend\OpenCvBackend.cpp(273,73): warning C4244: '인수': '__int64'에서 'int'(으)로 변환하면서 데이터가 손실될 수 있습니다.
  (소스 파일 '/OpenCvBackend.cpp'을(를) 컴파일하는 중)
  
C:\Users\ysjang\Desktop\asd\C#\OpenCv\OpenCvBackend\OpenCvBackend\OpenCvBackend.cpp(342,85): warning C4267: '인수': 'size_t'에서 'int'(으)로 변환하면서 데이터가 손실될 수 있습니다.
  (소스 파일 '/OpenCvBackend.cpp'을(를) 컴파일하는 중)
  
C:\Users\ysjang\Desktop\asd\C#\OpenCv\OpenCvBackend\OpenCvBackend\OpenCvBackend.cpp(344,64): warning C4267: '인수': 'size_t'에서 'int'(으)로 변환하면서 데이터가 손실될 수 있습니다.
  (소스 파일 '/OpenCvBackend.cpp'을(를) 컴파일하는 중)
  
C:\Users\ysjang\Desktop\asd\C#\OpenCv\OpenCvBackend\OpenCvBackend\OpenCvBackend.cpp(353,106): warning C4267: '인수': 'size_t'에서 'int'(으)로 변환하면서 데이터가 손실될 수 있습니다.
  (소스 파일 '/OpenCvBackend.cpp'을(를) 컴파일하는 중)
  
C:\Users\ysjang\Desktop\asd\C#\OpenCv\OpenCvBackend\OpenCvBackend\OpenCvBackend.cpp(356,94): warning C4267: '인수': 'size_t'에서 'int'(으)로 변환하면서 데이터가 손실될 수 있습니다.
  (소스 파일 '/OpenCvBackend.cpp'을(를) 컴파일하는 중)
  
  코드를 생성하고 있습니다...
C:\OpenCV_Build\build\install\include\opencv2\core\cuda.inl.hpp(105,1): warning C4793: 'cv::cuda::GpuMat::GpuMat': 함수가 네이티브로 컴파일되었습니다.
C:\OpenCV_Build\build\install\include\opencv2\core\cuda.inl.hpp(105,1): warning C4793: 	관리 코드에서 지원되지 않는 내장 함수가 있습니다.
C:\OpenCV_Build\build\install\include\opencv2\core\cuda.inl.hpp(487,1): warning C4793: 'cv::cuda::HostMem::HostMem': 함수가 네이티브로 컴파일되었습니다.
C:\OpenCV_Build\build\install\include\opencv2\core\cuda.inl.hpp(487,1): warning C4793: 	관리 코드에서 지원되지 않는 내장 함수가 있습니다.
  .NETFramework,Version=v4.7.2.AssemblyAttributes.cpp
  AssemblyInfo.obj : MSIL 모듈이 발견되었습니다. MSIL에 증분 링크를 사용할 수 없습니다. 전체 링크를 수행하고 있습니다.
  OpenCvBackend.vcxproj -> C:\Users\ysjang\Desktop\asd\C#\OpenCv\x64\Release\OpenCvBackend.dll
