c:\users\ysjang\desktop\asd\c#\opencv\opencvbackend\opencvbackend\x64\release\opencvbackend.pch
c:\users\ysjang\desktop\asd\c#\opencv\opencvbackend\opencvbackend\x64\release\vc143.pdb
c:\users\ysjang\desktop\asd\c#\opencv\opencvbackend\opencvbackend\x64\release\pch.obj
c:\users\ysjang\desktop\asd\c#\opencv\opencvbackend\opencvbackend\x64\release\opencvbackend.obj
c:\users\ysjang\desktop\asd\c#\opencv\opencvbackend\opencvbackend\x64\release\assemblyinfo.obj
c:\users\ysjang\desktop\asd\c#\opencv\opencvbackend\opencvbackend\x64\release\.netframework,version=v4.7.2.assemblyattributes.obj
c:\users\ysjang\desktop\asd\c#\opencv\x64\release\opencvbackend.dll
c:\users\ysjang\desktop\asd\c#\opencv\x64\release\opencvbackend.pdb
c:\users\ysjang\desktop\asd\c#\opencv\opencvbackend\opencvbackend\x64\release\app.res
c:\users\ysjang\desktop\asd\c#\opencv\opencvbackend\opencvbackend\x64\release\opencvbackend.tlog\cl.command.1.tlog
c:\users\ysjang\desktop\asd\c#\opencv\opencvbackend\opencvbackend\x64\release\opencvbackend.tlog\cl.items.tlog
c:\users\ysjang\desktop\asd\c#\opencv\opencvbackend\opencvbackend\x64\release\opencvbackend.tlog\cl.read.1.tlog
c:\users\ysjang\desktop\asd\c#\opencv\opencvbackend\opencvbackend\x64\release\opencvbackend.tlog\cl.write.1.tlog
c:\users\ysjang\desktop\asd\c#\opencv\opencvbackend\opencvbackend\x64\release\opencvbackend.tlog\link.command.1.tlog
c:\users\ysjang\desktop\asd\c#\opencv\opencvbackend\opencvbackend\x64\release\opencvbackend.tlog\link.read.1.tlog
c:\users\ysjang\desktop\asd\c#\opencv\opencvbackend\opencvbackend\x64\release\opencvbackend.tlog\link.secondary.1.tlog
c:\users\ysjang\desktop\asd\c#\opencv\opencvbackend\opencvbackend\x64\release\opencvbackend.tlog\link.write.1.tlog
c:\users\ysjang\desktop\asd\c#\opencv\opencvbackend\opencvbackend\x64\release\opencvbackend.tlog\metagen.read.1.tlog
c:\users\ysjang\desktop\asd\c#\opencv\opencvbackend\opencvbackend\x64\release\opencvbackend.tlog\metagen.write.1.tlog
c:\users\ysjang\desktop\asd\c#\opencv\opencvbackend\opencvbackend\x64\release\opencvbackend.tlog\rc.command.1.tlog
c:\users\ysjang\desktop\asd\c#\opencv\opencvbackend\opencvbackend\x64\release\opencvbackend.tlog\rc.read.1.tlog
c:\users\ysjang\desktop\asd\c#\opencv\opencvbackend\opencvbackend\x64\release\opencvbackend.tlog\rc.write.1.tlog
