c:\users\ysjang\desktop\asd\c#\opencv\opencvbackend\opencvbackend\x64\debug\opencvbackend.pch
c:\users\ysjang\desktop\asd\c#\opencv\opencvbackend\opencvbackend\x64\debug\vc143.pdb
c:\users\ysjang\desktop\asd\c#\opencv\opencvbackend\opencvbackend\x64\debug\pch.obj
c:\users\ysjang\desktop\asd\c#\opencv\opencvbackend\opencvbackend\x64\debug\opencvbackend.obj
c:\users\ysjang\desktop\asd\c#\opencv\opencvbackend\opencvbackend\x64\debug\assemblyinfo.obj
c:\users\ysjang\desktop\asd\c#\opencv\opencvbackend\opencvbackend\x64\debug\.netframework,version=v4.7.2.assemblyattributes.obj
c:\users\ysjang\desktop\asd\c#\opencv\opencvbackend\opencvbackend\x64\debug\app.res
c:\users\ysjang\desktop\asd\c#\opencv\opencvbackend\opencvbackend\x64\debug\opencvbackend.vcxproj.assemblyreference.cache
c:\users\ysjang\desktop\asd\c#\opencv\x64\debug\opencvbackend.pdb
c:\users\ysjang\desktop\asd\c#\opencv\opencvbackend\opencvbackend\x64\debug\opencvbackend.tlog\cl.command.1.tlog
c:\users\ysjang\desktop\asd\c#\opencv\opencvbackend\opencvbackend\x64\debug\opencvbackend.tlog\cl.read.1.tlog
c:\users\ysjang\desktop\asd\c#\opencv\opencvbackend\opencvbackend\x64\debug\opencvbackend.tlog\cl.write.1.tlog
c:\users\ysjang\desktop\asd\c#\opencv\opencvbackend\opencvbackend\x64\debug\opencvbackend.tlog\link.23880-cvtres.read.1.tlog
c:\users\ysjang\desktop\asd\c#\opencv\opencvbackend\opencvbackend\x64\debug\opencvbackend.tlog\link.23880-cvtres.write.1.tlog
c:\users\ysjang\desktop\asd\c#\opencv\opencvbackend\opencvbackend\x64\debug\opencvbackend.tlog\link.23880-rc.read.1.tlog
c:\users\ysjang\desktop\asd\c#\opencv\opencvbackend\opencvbackend\x64\debug\opencvbackend.tlog\link.23880-rc.write.1.tlog
c:\users\ysjang\desktop\asd\c#\opencv\opencvbackend\opencvbackend\x64\debug\opencvbackend.tlog\link.23880.read.1.tlog
c:\users\ysjang\desktop\asd\c#\opencv\opencvbackend\opencvbackend\x64\debug\opencvbackend.tlog\link.23880.read.2.tlog
c:\users\ysjang\desktop\asd\c#\opencv\opencvbackend\opencvbackend\x64\debug\opencvbackend.tlog\link.23880.read.3.tlog
c:\users\ysjang\desktop\asd\c#\opencv\opencvbackend\opencvbackend\x64\debug\opencvbackend.tlog\link.23880.read.4.tlog
c:\users\ysjang\desktop\asd\c#\opencv\opencvbackend\opencvbackend\x64\debug\opencvbackend.tlog\link.23880.write.1.tlog
c:\users\ysjang\desktop\asd\c#\opencv\opencvbackend\opencvbackend\x64\debug\opencvbackend.tlog\link.command.1.tlog
c:\users\ysjang\desktop\asd\c#\opencv\opencvbackend\opencvbackend\x64\debug\opencvbackend.tlog\link.read.1.tlog
c:\users\ysjang\desktop\asd\c#\opencv\opencvbackend\opencvbackend\x64\debug\opencvbackend.tlog\link.read.2.tlog
c:\users\ysjang\desktop\asd\c#\opencv\opencvbackend\opencvbackend\x64\debug\opencvbackend.tlog\link.read.3.tlog
c:\users\ysjang\desktop\asd\c#\opencv\opencvbackend\opencvbackend\x64\debug\opencvbackend.tlog\link.read.4.tlog
c:\users\ysjang\desktop\asd\c#\opencv\opencvbackend\opencvbackend\x64\debug\opencvbackend.tlog\link.write.1.tlog
c:\users\ysjang\desktop\asd\c#\opencv\opencvbackend\opencvbackend\x64\debug\opencvbackend.tlog\metagen.read.1.tlog
c:\users\ysjang\desktop\asd\c#\opencv\opencvbackend\opencvbackend\x64\debug\opencvbackend.tlog\metagen.write.1.tlog
c:\users\ysjang\desktop\asd\c#\opencv\opencvbackend\opencvbackend\x64\debug\opencvbackend.tlog\rc.command.1.tlog
c:\users\ysjang\desktop\asd\c#\opencv\opencvbackend\opencvbackend\x64\debug\opencvbackend.tlog\rc.read.1.tlog
c:\users\ysjang\desktop\asd\c#\opencv\opencvbackend\opencvbackend\x64\debug\opencvbackend.tlog\rc.write.1.tlog
